[    0.000000] Initializing cgroup subsys cpuset
[    0.000000] Initializing cgroup subsys cpu
[    0.000000] Initializing cgroup subsys cpuacct
[    0.000000] Linux version 4.4.0-98-generic (buildd@lcy01-03) (gcc version 5.4.0 20160609 (Ubuntu 5.4.0-6ubuntu1~16.04.4) ) #121-Ubuntu SMP Tue Oct 10 14:24:03 UTC 2017 (Ubuntu 4.4.0-98.121-generic 4.4.90)
[    0.000000] Command line: BOOT_IMAGE=/boot/vmlinuz-4.4.0-98-generic root=LABEL=cloudimg-rootfs ro console=tty1 console=ttyS0
[    0.000000] KERNEL supported cpus:
[    0.000000]   Intel GenuineIntel
[    0.000000]   AMD AuthenticAMD
[    0.000000]   Centaur CentaurHauls
[    0.000000] x86/fpu: xstate_offset[2]:  576, xstate_sizes[2]:  256
[    0.000000] x86/fpu: Supporting XSAVE feature 0x01: 'x87 floating point registers'
[    0.000000] x86/fpu: Supporting XSAVE feature 0x02: 'SSE registers'
[    0.000000] x86/fpu: Supporting XSAVE feature 0x04: 'AVX registers'
[    0.000000] x86/fpu: Enabled xstate features 0x7, context size is 832 bytes, using 'standard' format.
[    0.000000] x86/fpu: Using 'lazy' FPU context switches.
[    0.000000] e820: BIOS-provided physical RAM map:
[    0.000000] BIOS-e820: [mem 0x0000000000000000-0x000000000009fbff] usable
[    0.000000] BIOS-e820: [mem 0x000000000009fc00-0x000000000009ffff] reserved
[    0.000000] BIOS-e820: [mem 0x00000000000f0000-0x00000000000fffff] reserved
[    0.000000] BIOS-e820: [mem 0x0000000000100000-0x000000009ffeffff] usable
[    0.000000] BIOS-e820: [mem 0x000000009fff0000-0x000000009fffffff] ACPI data
[    0.000000] BIOS-e820: [mem 0x00000000fec00000-0x00000000fec00fff] reserved
[    0.000000] BIOS-e820: [mem 0x00000000fee00000-0x00000000fee00fff] reserved
[    0.000000] BIOS-e820: [mem 0x00000000fffc0000-0x00000000ffffffff] reserved
[    0.000000] NX (Execute Disable) protection: active
[    0.000000] SMBIOS 2.5 present.
[    0.000000] Hypervisor detected: KVM
[    0.000000] e820: last_pfn = 0x9fff0 max_arch_pfn = 0x400000000
[    0.000000] MTRR: Disabled
[    0.000000] x86/PAT: MTRRs disabled, skipping PAT initialization too.
[    0.000000] CPU MTRRs all blank - virtualized system.
[    0.000000] x86/PAT: Configuration [0-7]: WB  WT  UC- UC  WB  WT  UC- UC  
[    0.000000] found SMP MP-table at [mem 0x0009fff0-0x0009ffff] mapped at [ffff88000009fff0]
[    0.000000] Scanning 1 areas for low memory corruption
[    0.000000] RAMDISK: [mem 0x36ae2000-0x37568fff]
[    0.000000] ACPI: Early table checksum verification disabled
[    0.000000] ACPI: RSDP 0x00000000000E0000 000024 (v02 VBOX  )
[    0.000000] ACPI: XSDT 0x000000009FFF0030 00003C (v01 VBOX   VBOXXSDT 00000001 ASL  00000061)
[    0.000000] ACPI: FACP 0x000000009FFF00F0 0000F4 (v04 VBOX   VBOXFACP 00000001 ASL  00000061)
[    0.000000] ACPI: DSDT 0x000000009FFF0470 0021FF (v02 VBOX   VBOXBIOS 00000002 INTL 20100528)
[    0.000000] ACPI: FACS 0x000000009FFF0200 000040
[    0.000000] ACPI: FACS 0x000000009FFF0200 000040
[    0.000000] ACPI: APIC 0x000000009FFF0240 00005C (v02 VBOX   VBOXAPIC 00000001 ASL  00000061)
[    0.000000] ACPI: SSDT 0x000000009FFF02A0 0001CC (v01 VBOX   VBOXCPUT 00000002 INTL 20100528)
[    0.000000] No NUMA configuration found
[    0.000000] Faking a node at [mem 0x0000000000000000-0x000000009ffeffff]
[    0.000000] NODE_DATA(0) allocated [mem 0x9ffeb000-0x9ffeffff]
[    0.000000] kvm-clock: Using msrs 4b564d01 and 4b564d00
[    0.000000] kvm-clock: cpu 0, msr 0:9ffe3001, primary cpu clock
[    0.000000] kvm-clock: using sched offset of 3104174276 cycles
[    0.000000] clocksource: kvm-clock: mask: 0xffffffffffffffff max_cycles: 0x1cd42e4dffb, max_idle_ns: 881590591483 ns
[    0.000000] Zone ranges:
[    0.000000]   DMA      [mem 0x0000000000001000-0x0000000000ffffff]
[    0.000000]   DMA32    [mem 0x0000000001000000-0x000000009ffeffff]
[    0.000000]   Normal   empty
[    0.000000]   Device   empty
[    0.000000] Movable zone start for each node
[    0.000000] Early memory node ranges
[    0.000000]   node   0: [mem 0x0000000000001000-0x000000000009efff]
[    0.000000]   node   0: [mem 0x0000000000100000-0x000000009ffeffff]
[    0.000000] Initmem setup node 0 [mem 0x0000000000001000-0x000000009ffeffff]
[    0.000000] ACPI: PM-Timer IO Port: 0x4008
[    0.000000] IOAPIC[0]: apic_id 2, version 32, address 0xfec00000, GSI 0-23
[    0.000000] ACPI: INT_SRC_OVR (bus 0 bus_irq 0 global_irq 2 dfl dfl)
[    0.000000] ACPI: INT_SRC_OVR (bus 0 bus_irq 9 global_irq 9 high level)
[    0.000000] Using ACPI (MADT) for SMP configuration information
[    0.000000] smpboot: Allowing 2 CPUs, 0 hotplug CPUs
[    0.000000] PM: Registered nosave memory: [mem 0x00000000-0x00000fff]
[    0.000000] PM: Registered nosave memory: [mem 0x0009f000-0x0009ffff]
[    0.000000] PM: Registered nosave memory: [mem 0x000a0000-0x000effff]
[    0.000000] PM: Registered nosave memory: [mem 0x000f0000-0x000fffff]
[    0.000000] e820: [mem 0xa0000000-0xfebfffff] available for PCI devices
[    0.000000] Booting paravirtualized kernel on KVM
[    0.000000] clocksource: refined-jiffies: mask: 0xffffffff max_cycles: 0xffffffff, max_idle_ns: 7645519600211568 ns
[    0.000000] setup_percpu: NR_CPUS:512 nr_cpumask_bits:512 nr_cpu_ids:2 nr_node_ids:1
[    0.000000] PERCPU: Embedded 34 pages/cpu @ffff88009fc00000 s98328 r8192 d32744 u1048576
[    0.000000] PV qspinlock hash table entries: 256 (order: 0, 4096 bytes)
[    0.000000] Built 1 zonelists in Node order, mobility grouping on.  Total pages: 644985
[    0.000000] Policy zone: DMA32
[    0.000000] Kernel command line: BOOT_IMAGE=/boot/vmlinuz-4.4.0-98-generic root=LABEL=cloudimg-rootfs ro console=tty1 console=ttyS0
[    0.000000] PID hash table entries: 4096 (order: 3, 32768 bytes)
[    0.000000] Memory: 2550072K/2620984K available (8484K kernel code, 1294K rwdata, 3988K rodata, 1492K init, 1316K bss, 70912K reserved, 0K cma-reserved)
[    0.000000] SLUB: HWalign=64, Order=0-3, MinObjects=0, CPUs=2, Nodes=1
[    0.000000] Hierarchical RCU implementation.
[    0.000000] 	Build-time adjustment of leaf fanout to 64.
[    0.000000] 	RCU restricting CPUs from NR_CPUS=512 to nr_cpu_ids=2.
[    0.000000] RCU: Adjusting geometry for rcu_fanout_leaf=64, nr_cpu_ids=2
[    0.000000] NR_IRQS:33024 nr_irqs:440 16
[    0.000000] Console: colour VGA+ 80x25
[    0.000000] console [tty1] enabled
[    0.000000] console [ttyS0] enabled
[    0.000000] tsc: Detected 2394.458 MHz processor
[    0.529592] Calibrating delay loop (skipped) preset value.. 4788.91 BogoMIPS (lpj=9577832)
[    0.531463] pid_max: default: 32768 minimum: 301
[    0.532403] ACPI: Core revision 20150930
[    0.534193] ACPI: 2 ACPI AML tables successfully acquired and loaded
[    0.538332] Security Framework initialized
[    0.539186] Yama: becoming mindful.
[    0.539991] AppArmor: AppArmor initialized
[    0.541981] Dentry cache hash table entries: 524288 (order: 10, 4194304 bytes)
[    0.548293] Inode-cache hash table entries: 262144 (order: 9, 2097152 bytes)
[    0.556321] Mount-cache hash table entries: 8192 (order: 4, 65536 bytes)
[    0.557594] Mountpoint-cache hash table entries: 8192 (order: 4, 65536 bytes)
[    0.559088] Initializing cgroup subsys io
[    0.559964] Initializing cgroup subsys memory
[    0.560927] Initializing cgroup subsys devices
[    0.561856] Initializing cgroup subsys freezer
[    0.562781] Initializing cgroup subsys net_cls
[    0.563707] Initializing cgroup subsys perf_event
[    0.564725] Initializing cgroup subsys net_prio
[    0.565660] Initializing cgroup subsys hugetlb
[    0.566584] Initializing cgroup subsys pids
[    0.567544] CPU: Physical Processor ID: 0
[    0.568384] CPU: Processor Core ID: 0
[    0.570192] mce: CPU supports 0 MCE banks
[    0.571508] Last level iTLB entries: 4KB 64, 2MB 8, 4MB 8
[    0.572839] Last level dTLB entries: 4KB 64, 2MB 0, 4MB 0, 1GB 4
[    0.575920] Freeing SMP alternatives memory: 32K
[    0.585908] ftrace: allocating 32154 entries in 126 pages
[    0.624703] smpboot: APIC(0) Converting physical 0 to logical package 0
[    0.628133] smpboot: Max logical packages: 1
[    0.631452] x2apic enabled
[    0.632771] Switched APIC routing to physical x2apic.
[    0.636233] ..TIMER: vector=0x30 apic1=0 pin1=2 apic2=-1 pin2=-1
[    0.744200] smpboot: CPU0: Intel(R) Core(TM) i7-5500U CPU @ 2.40GHz (family: 0x6, model: 0x3d, stepping: 0x4)
[    0.813600] Performance Events: unsupported p6 CPU model 61 no PMU driver, software events only.
[    0.815211] KVM setup paravirtual spinlock
[    0.817878] x86: Booting SMP configuration:
[    0.874917] .... node  #0, CPUs:      #1
[    0.932349] kvm-clock: cpu 1, msr 0:9ffe3041, secondary cpu clock
[    0.935372] mce: CPU supports 0 MCE banks
[    0.938124] x86: Booted up 1 node, 2 CPUs
[    0.984696] smpboot: Total of 2 processors activated (9577.83 BogoMIPS)
[    1.054605] devtmpfs: initialized
[    1.083914] evm: security.selinux
[    1.113557] evm: security.SMACK64
[    1.142078] evm: security.SMACK64EXEC
[    1.176604] evm: security.SMACK64TRANSMUTE
[    1.212136] evm: security.SMACK64MMAP
[    1.246545] evm: security.ima
[    1.263402] evm: security.capability
[    1.264389] clocksource: jiffies: mask: 0xffffffff max_cycles: 0xffffffff, max_idle_ns: 7645041785100000 ns
[    1.267615] futex hash table entries: 512 (order: 3, 32768 bytes)
[    1.268937] pinctrl core: initialized pinctrl subsystem
[    1.270122] RTC time:  1:39:00, date: 11/20/17
[    1.272679] NET: Registered protocol family 16
[    1.285488] cpuidle: using governor ladder
[    1.304637] cpuidle: using governor menu
[    1.312122] PCCT header not found.
[    1.312937] ACPI: bus type PCI registered
[    1.313776] acpiphp: ACPI Hot Plug PCI Controller Driver version: 0.5
[    1.315077] PCI: Using configuration type 1 for base access
[    1.329104] ACPI: Added _OSI(Module Device)
[    1.336554] ACPI: Added _OSI(Processor Device)
[    1.337450] ACPI: Added _OSI(3.0 _SCP Extensions)
[    1.340389] ACPI: Added _OSI(Processor Aggregator Device)
[    1.342067] ACPI: Executed 1 blocks of module-level executable AML code
[    1.351123] ACPI: Interpreter enabled
[    1.352329] ACPI: (supports S0 S5)
[    1.353132] ACPI: Using IOAPIC for interrupt routing
[    1.354267] PCI: Using host bridge windows from ACPI; if necessary, use "pci=nocrs" and report a bug
[    1.359340] ACPI: PCI Root Bridge [PCI0] (domain 0000 [bus 00-ff])
[    1.362550] acpi PNP0A03:00: _OSC: OS supports [ASPM ClockPM Segments MSI]
[    1.363823] acpi PNP0A03:00: _OSC: not requesting OS control; OS requires [ExtendedConfig ASPM ClockPM MSI]
[    1.365684] acpi PNP0A03:00: fail to add MMCONFIG information, can't access extended PCI configuration space under this bridge.
[    1.370085] PCI host bridge to bus 0000:00
[    1.372318] pci_bus 0000:00: root bus resource [io  0x0000-0x0cf7 window]
[    1.373585] pci_bus 0000:00: root bus resource [io  0x0d00-0xffff window]
[    1.374836] pci_bus 0000:00: root bus resource [mem 0x000a0000-0x000bffff window]
[    1.376357] pci_bus 0000:00: root bus resource [mem 0xa0000000-0xffdfffff window]
[    1.377953] pci_bus 0000:00: root bus resource [bus 00-ff]
[    1.380511] pci 0000:00:01.1: legacy IDE quirk: reg 0x10: [io  0x01f0-0x01f7]
[    1.400119] pci 0000:00:01.1: legacy IDE quirk: reg 0x14: [io  0x03f6]
[    1.415038] pci 0000:00:01.1: legacy IDE quirk: reg 0x18: [io  0x0170-0x0177]
[    1.458421] pci 0000:00:01.1: legacy IDE quirk: reg 0x1c: [io  0x0376]
[    1.575764] pci 0000:00:07.0: quirk: [io  0x4000-0x403f] claimed by PIIX4 ACPI
[    1.654856] pci 0000:00:07.0: quirk: [io  0x4100-0x410f] claimed by PIIX4 SMB
[    1.712951] ACPI: PCI Interrupt Link [LNKA] (IRQs 5 9 10 *11)
[    1.722280] ACPI: PCI Interrupt Link [LNKB] (IRQs 5 9 10 *11)
[    1.723802] ACPI: PCI Interrupt Link [LNKC] (IRQs 5 9 *10 11)
[    1.725370] ACPI: PCI Interrupt Link [LNKD] (IRQs 5 *9 10 11)
[    1.728052] ACPI: Enabled 2 GPEs in block 00 to 07
[    1.729300] vgaarb: setting as boot device: PCI:0000:00:02.0
[    1.732473] vgaarb: device added: PCI:0000:00:02.0,decodes=io+mem,owns=io+mem,locks=none
[    1.734125] vgaarb: loaded
[    1.734768] vgaarb: bridge control possible 0000:00:02.0
[    1.737271] SCSI subsystem initialized
[    1.738165] ACPI: bus type USB registered
[    1.739007] usbcore: registered new interface driver usbfs
[    1.740128] usbcore: registered new interface driver hub
[    1.741167] usbcore: registered new device driver usb
[    1.742373] PCI: Using ACPI for IRQ routing
[    1.749040] NetLabel: Initializing
[    1.751327] NetLabel:  domain hash size = 128
[    1.752225] NetLabel:  protocols = UNLABELED CIPSOv4
[    1.753212] NetLabel:  unlabeled traffic allowed by default
[    1.757001] amd_nb: Cannot enumerate AMD northbridges
[    1.760467] clocksource: Switched to clocksource kvm-clock
[    1.768831] AppArmor: AppArmor Filesystem Enabled
[    1.777346] pnp: PnP ACPI init
[    1.778714] pnp: PnP ACPI: found 3 devices
[    1.791508] clocksource: acpi_pm: mask: 0xffffff max_cycles: 0xffffff, max_idle_ns: 2085701024 ns
[    1.799624] NET: Registered protocol family 2
[    1.800696] TCP established hash table entries: 32768 (order: 6, 262144 bytes)
[    1.804219] TCP bind hash table entries: 32768 (order: 7, 524288 bytes)
[    1.805511] TCP: Hash tables configured (established 32768 bind 32768)
[    1.806730] UDP hash table entries: 2048 (order: 4, 65536 bytes)
[    1.807873] UDP-Lite hash table entries: 2048 (order: 4, 65536 bytes)
[    1.809109] NET: Registered protocol family 1
[    1.810006] pci 0000:00:00.0: Limiting direct PCI/PCI transfers
[    1.811132] pci 0000:00:01.0: Activating ISA DMA hang workarounds
[    1.812372] Unpacking initramfs...
[    3.528024] Freeing initrd memory: 10780K
[    3.529794] RAPL PMU detected, API unit is 2^-32 Joules, 4 fixed counters 10737418240 ms ovfl timer
[    3.533027] hw unit of domain pp0-core 2^-0 Joules
[    3.534222] hw unit of domain package 2^-0 Joules
[    3.535854] hw unit of domain dram 2^-0 Joules
[    3.537576] hw unit of domain pp1-gpu 2^-0 Joules
[    3.539144] platform rtc_cmos: registered platform RTC device (no PNP device found)
[    3.543752] Scanning for low memory corruption every 60 seconds
[    3.581544] audit: initializing netlink subsys (disabled)
[    3.638196] audit: type=2000 audit(1511141945.945:1): initialized
[    3.639660] Initialise system trusted keyring
[    3.642321] HugeTLB registered 2 MB page size, pre-allocated 0 pages
[    3.723527] zbud: loaded
[    3.756393] VFS: Disk quotas dquot_6.6.0
[    3.797871] VFS: Dquot-cache hash table entries: 512 (order 0, 4096 bytes)
[    3.845630] squashfs: version 4.0 (2009/01/31) Phillip Lougher
[    3.847053] fuse init (API version 7.23)
[    3.850127] Key type big_key registered
[    3.851006] Allocating IMA MOK and blacklist keyrings.
[    3.853290] Key type asymmetric registered
[    3.855629] Asymmetric key parser 'x509' registered
[    3.856629] Block layer SCSI generic (bsg) driver version 0.4 loaded (major 249)
[    3.858264] io scheduler noop registered
[    3.859112] io scheduler deadline registered (default)
[    3.860163] io scheduler cfq registered
[    3.868270] pci_hotplug: PCI Hot Plug PCI Core version: 0.5
[    3.875447] pciehp: PCI Express Hot Plug Controller Driver version: 0.4
[    3.876796] ACPI: AC Adapter [AC] (off-line)
[    3.892774] input: Power Button as /devices/LNXSYSTM:00/LNXPWRBN:00/input/input0
[    3.894356] ACPI: Power Button [PWRF]
[    3.895195] input: Sleep Button as /devices/LNXSYSTM:00/LNXSLPBN:00/input/input1
[    3.896761] ACPI: Sleep Button [SLPF]
[    3.897733] GHES: HEST is not enabled!
[    3.898463] ACPI: Battery Slot [BAT0] (battery present)
[    3.900978] Serial: 8250/16550 driver, 32 ports, IRQ sharing enabled
[    3.925976] 00:02: ttyS0 at I/O 0x3f8 (irq = 4, base_baud = 115200) is a 16550A
[    3.931179] Linux agpgart interface v0.103
[    3.936011] loop: module loaded
[    3.950303] scsi host0: ata_piix
[    3.953880] scsi host1: ata_piix
[    3.954631] ata1: PATA max UDMA/33 cmd 0x1f0 ctl 0x3f6 bmdma 0xd000 irq 14
[    3.955880] ata2: PATA max UDMA/33 cmd 0x170 ctl 0x376 bmdma 0xd008 irq 15
[    3.962672] libphy: Fixed MDIO Bus: probed
[    3.977003] tun: Universal TUN/TAP device driver, 1.6
[    3.979530] tun: (C) 1999-2004 Max Krasnyansky <maxk@qualcomm.com>
[    3.980748] PPP generic driver version 2.4.2
[    3.981696] ehci_hcd: USB 2.0 'Enhanced' Host Controller (EHCI) Driver
[    3.982863] ehci-pci: EHCI PCI platform driver
[    3.983729] ehci-platform: EHCI generic platform driver
[    3.984697] ohci_hcd: USB 1.1 'Open' Host Controller (OHCI) Driver
[    3.985872] ohci-pci: OHCI PCI platform driver
[    3.986743] ohci-platform: OHCI generic platform driver
[    3.987712] uhci_hcd: USB Universal Host Controller Interface driver
[    3.988892] i8042: PNP: PS/2 Controller [PNP0303:PS2K,PNP0f03:PS2M] at 0x60,0x64 irq 1,12
[    3.990962] serio: i8042 KBD port at 0x60,0x64 irq 1
[    3.991912] serio: i8042 AUX port at 0x60,0x64 irq 12
[    3.993099] mousedev: PS/2 mouse device common for all mice
[    3.994419] input: AT Translated Set 2 keyboard as /devices/platform/i8042/serio0/input/input2
[    3.996479] rtc_cmos rtc_cmos: rtc core: registered rtc_cmos as rtc0
[    4.011706] rtc_cmos rtc_cmos: alarms up to one day, 114 bytes nvram
[    4.012930] i2c /dev entries driver
[    4.013693] device-mapper: uevent: version 1.0.3
[    4.014722] device-mapper: ioctl: 4.34.0-ioctl (2015-10-28) initialised: dm-devel@redhat.com
[    4.016423] ledtrig-cpu: registered to indicate activity on CPUs
[    4.018007] NET: Registered protocol family 10
[    4.020654] NET: Registered protocol family 17
[    4.021530] Key type dns_resolver registered
[    4.022527] microcode: CPU0 sig=0x306d4, pf=0x40, revision=0x0
[    4.023676] microcode: CPU1 sig=0x306d4, pf=0x40, revision=0x0
[    4.025450] microcode: Microcode Update Driver: v2.01 <tigran@aivazian.fsnet.co.uk>, Peter Oruba
[    4.027467] registered taskstats version 1
[    4.028293] Loading compiled-in X.509 certificates
[    4.029837] Loaded X.509 cert 'Build time autogenerated kernel key: 7431eaeda5a51458aeb00f8de0f18f89e178d882'
[    4.031660] zswap: loaded using pool lzo/zbud
[    4.033926] Key type trusted registered
[    4.038440] Key type encrypted registered
[    4.041985] AppArmor: AppArmor sha1 policy hashing enabled
[    4.042994] ima: No TPM chip found, activating TPM-bypass!
[    4.044008] evm: HMAC attrs: 0x1
[    4.045058]   Magic number: 9:768:660
[    4.045878] rtc_cmos rtc_cmos: setting system clock to 2017-11-20 01:39:03 UTC (1511141943)
[    4.047585] BIOS EDD facility v0.16 2004-Jun-25, 0 devices found
[    4.048731] EDD information not available.
[    4.136104] Freeing unused kernel memory: 1492K
[    4.253492] Write protecting the kernel read-only data: 14336k
[    4.358822] Freeing unused kernel memory: 1744K
[    4.361340] Freeing unused kernel memory: 108K
Loading, please wait...
starting version 229
[    4.372087] random: systemd-udevd: uninitialized urandom read (16 bytes read, 3 bits of entropy available)
[    4.372379] random: udevadm: uninitialized urandom read (16 bytes read, 3 bits of entropy available)
[    4.372400] random: udevadm: uninitialized urandom read (16 bytes read, 3 bits of entropy available)
[    4.381533] random: udevadm: uninitialized urandom read (16 bytes read, 3 bits of entropy available)
[    4.381577] random: udevadm: uninitialized urandom read (16 bytes read, 3 bits of entropy available)
[    4.381725] random: udevadm: uninitialized urandom read (16 bytes read, 3 bits of entropy available)
[    4.381784] random: udevadm: uninitialized urandom read (16 bytes read, 3 bits of entropy available)
[    4.381844] random: udevadm: uninitialized urandom read (16 bytes read, 3 bits of entropy available)
[    4.381901] random: udevadm: uninitialized urandom read (16 bytes read, 3 bits of entropy available)
[    4.381957] random: udevadm: uninitialized urandom read (16 bytes read, 3 bits of entropy available)
[    4.459500] Fusion MPT base driver 3.04.20
[    4.466326] Copyright (c) 1999-2008 LSI Corporation
[    4.467642] e1000: Intel(R) PRO/1000 Network Driver - version 7.3.21-k8-NAPI
[    4.470222] e1000: Copyright (c) 1999-2006 Intel Corporation.
[    4.500826] Fusion MPT SPI Host driver 3.04.20
[    4.514962] AVX version of gcm_enc/dec engaged.
[    4.574749] AES CTR mode by8 optimization enabled
[    4.582012] tsc: Refined TSC clocksource calibration: 2393.488 MHz
[    4.591025] clocksource: tsc: mask: 0xffffffffffffffff max_cycles: 0x22802fe7ee8, max_idle_ns: 440795311613 ns
[    4.699257] input: ImExPS/2 Generic Explorer Mouse as /devices/platform/i8042/serio1/input/input4
[    4.925446] e1000 0000:00:03.0 eth0: (PCI:33MHz:32-bit) 02:1b:fc:5d:b5:ff
[    4.933387] e1000 0000:00:03.0 eth0: Intel(R) PRO/1000 Network Connection
[    5.299287] e1000 0000:00:08.0 eth1: (PCI:33MHz:32-bit) 08:00:27:23:1c:1f
[    5.302693] e1000 0000:00:08.0 eth1: Intel(R) PRO/1000 Network Connection
[    5.308230] mptbase: ioc0: Initiating bringup
[    5.308455] e1000 0000:00:08.0 enp0s8: renamed from eth1
[    5.433094] e1000 0000:00:03.0 enp0s3: renamed from eth0
[    5.537052] ioc0: LSI53C1030 A0: Capabilities={Initiator}
[    5.708421] scsi host2: ioc0: LSI53C1030 A0, FwRev=00000000h, Ports=1, MaxQ=256, IRQ=20
[    5.834183] scsi 2:0:0:0: Direct-Access     VBOX     HARDDISK         1.0  PQ: 0 ANSI: 5
[    5.956928] scsi target2:0:0: Beginning Domain Validation
[    6.000453] scsi target2:0:0: Domain Validation skipping write tests
[    6.008668] scsi target2:0:0: Ending Domain Validation
[    6.015849] scsi target2:0:0: asynchronous
[    6.017033] scsi 2:0:1:0: Direct-Access     VBOX     HARDDISK         1.0  PQ: 0 ANSI: 5
[    6.020360] scsi target2:0:1: Beginning Domain Validation
[    6.029042] scsi target2:0:1: Domain Validation skipping write tests
[    6.030247] scsi target2:0:1: Ending Domain Validation
[    6.031279] scsi target2:0:1: asynchronous
[    6.036242] sd 2:0:0:0: Attached scsi generic sg0 type 0
[    6.044474] sd 2:0:1:0: Attached scsi generic sg1 type 0
[    6.044681] sd 2:0:0:0: [sda] 20971520 512-byte logical blocks: (10.7 GB/10.0 GiB)
[    6.053736] sd 2:0:1:0: [sdb] 20480 512-byte logical blocks: (10.5 MB/10.0 MiB)
[    6.055453] sd 2:0:0:0: [sda] Write Protect is off
[    6.058256] sd 2:0:1:0: [sdb] Write Protect is off
[    6.061241] sd 2:0:0:0: [sda] Incomplete mode parameter data
[    6.062332] sd 2:0:0:0: [sda] Assuming drive cache: write through
[    6.063546] sd 2:0:1:0: [sdb] Incomplete mode parameter data
[    6.066317] sd 2:0:1:0: [sdb] Assuming drive cache: write through
[    6.071659]  sda: sda1
[    6.076955] sd 2:0:1:0: [sdb] Attached SCSI disk
[    6.084690] sd 2:0:0:0: [sda] Attached SCSI disk
[    7.517092] floppy0: no floppy controllers found
Begin: Loading e[    8.921211] md: linear personality registered for level -1
ssential drivers[    8.944383] md: multipath personality registered for level -4
 ... [    8.982084] md: raid0 personality registered for level 0
[    8.993095] md: raid1 personality registered for level 1
[    9.065184] raid6: sse2x1   gen()  8862 MB/s
[    9.133007] raid6: sse2x1   xor()  6154 MB/s
[    9.252719] raid6: sse2x2   gen() 11077 MB/s
[    9.372531] raid6: sse2x2   xor()  7382 MB/s
[    9.440891] raid6: sse2x4   gen() 13302 MB/s
[    9.508711] raid6: sse2x4   xor()  9058 MB/s
[    9.509751] raid6: using algorithm sse2x4 gen() 13302 MB/s
[    9.510920] raid6: .... xor() 9058 MB/s, rmw enabled
[    9.511903] raid6: using ssse3x2 recovery algorithm
[    9.514231] xor: automatically using best checksumming function:
[    9.553205]    avx       : 18423.000 MB/sec
[    9.555252] async_tx: api initialized (async)
[    9.574682] md: raid6 personality registered for level 6
[    9.583554] md: raid5 personality registered for level 5
[    9.584587] md: raid4 personality registered for level 4
[    9.589847] md: raid10 personality registered for level 10
done.
Begin: Running /scripts/init-premount ... done.
Begin: Mounting root file system ... Begin: Running /scripts/local-top ... done.
Begin: Running /scripts/local-pr[    9.617178] Btrfs loaded
emount ... Scanning for Btrfs filesystems
done.
Warning: fsck not present[    9.670250] EXT4-fs (sda1): mounted filesystem with ordered data mode. Opts: (null)
, so skipping root file system
done.
Begin: Running /scripts/local-bottom ... done.
Begin: Running /scripts/init-bottom ... done.
[    9.870174] systemd[1]: systemd 229 running in system mode. (+PAM +AUDIT +SELINUX +IMA +APPARMOR +SMACK +SYSVINIT +UTMP +LIBCRYPTSETUP +GCRYPT +GNUTLS +ACL +XZ -LZ4 +SECCOMP +BLKID +ELFUTILS +KMOD -IDN)
[    9.906697] systemd[1]: Detected virtualization oracle.
[    9.907746] systemd[1]: Detected architecture x86-64.

Welcome to [1mUbuntu 16.04.3 LTS[0m!

[    9.937769] systemd[1]: Set hostname to <ubuntu>.
[    9.946491] systemd[1]: Initializing machine ID from random generator.
[    9.952365] systemd[1]: Installed transient /etc/machine-id file.
[   10.194495] systemd[1]: Created slice User and Session Slice.
[[0;32m  OK  [0m] Created slice User and Session Slice.
[   10.209477] systemd[1]: Listening on LVM2 poll daemon socket.
[[0;32m  OK  [0m] Listening on LVM2 poll daemon socket.
[   10.261390] systemd[1]: Reached target Swap.
[[0;32m  OK  [0m] Reached target Swap.
[   10.314217] systemd[1]: Created slice System Slice.
[[0;32m  OK  [0m] Created slice System Slice.
[   10.354062] systemd[1]: Listening on LVM2 metadata daemon socket.
[[0;32m  OK  [0m] Listening on LVM2 metadata daemon socket.
[   10.413752] systemd[1]: Listening on Journal Socket.
[[0;32m  OK  [0m] Listening on Journal Socket.
[   10.477091] systemd[1]: Starting Set console keymap...
         Starting Set console keymap...
[   10.533380] systemd[1]: Mounting Huge Pages File System...
         Mounting Huge Pages File System...
[   10.551002] systemd[1]: Starting Create list of required static device nodes for the current kernel...
         Starting Create list of required st... nodes for the current kernel...
[   10.621534] systemd[1]: Starting Uncomplicated firewall...
         Starting Uncomplicated firewall...
[   10.643175] systemd[1]: Listening on Device-mapper event daemon FIFOs.
[[0;32m  OK  [0m] Listening on Device-mapper event daemon FIFOs.
[   10.709582] systemd[1]: Starting Monitoring of LVM2 mirrors, snapshots etc. using dmeventd or progress polling...
         Starting Monitoring of LVM2 mirrors... dmeventd or progress polling...
[   10.839808] systemd[1]: Started Trigger resolvconf update for networkd DNS.
[[0;32m  OK  [0m] Started Trigger resolvconf update for networkd DNS.
[   11.061218] systemd[1]: Started Forward Password Requests to Wall Directory Watch.
[[0;32m  OK  [0m] Started Forward Password Requests to Wall Directory Watch.
[   11.232105] random: nonblocking pool is initialized
[   11.249527] systemd[1]: Starting Load Kernel Modules...
[   11.257406] Loading iSCSI transport class v2.0-870.
         Starting Load Kernel Modules...
[   11.271656] iscsi: registered transport (tcp)
[   11.361555] systemd[1]: Mounting Debug File System...
         Mounting Debug File System...
[   11.381675] systemd[1]: Starting Remount Root and Kernel File Systems...
         Starting Remount[   11.403728] EXT4-fs (sda1): re-mounted. Opts: (null)
 Root and Kernel File Systems...
[   11.419375] systemd[1]: Set up automount Arbitrary Executable File Formats File System Automount Point.
[[0;32m  OK  [0m] Set up automo[   11.520145] iscsi: registered transport (iser)
unt Arbitrary Executab...ats File System Automount Point.
[   11.665415] systemd[1]: Starting Nameserver information manager...
         Starting Nameserver information manager...
[   11.795290] systemd[1]: Reached target Slices.
[[0;32m  OK  [0m] Reached target Slices.
[   11.933621] systemd[1]: Listening on Journal Audit Socket.
[[0;32m  OK  [0m] Listening on Journal Audit Socket.
[   12.020707] systemd[1]: Mounting POSIX Message Queue File System...
         Mounting POSIX Message Queue File System...
[   12.031382] systemd[1]: Listening on Journal Socket (/dev/log).
[[0;32m  OK  [0m] Listening on Journal Socket (/dev/log).
[   12.041126] systemd[1]: Listening on udev Kernel Socket.
[[0;32m  OK  [0m] Listening on udev Kernel Socket.
[   12.050051] systemd[1]: Listening on /dev/initctl Compatibility Named Pipe.
[[0;32m  OK  [0m] Listening on /dev/initctl Compatibility Named Pipe.
[   12.064800] systemd[1]: Listening on udev Control Socket.
[[0;32m  OK  [0m] Listening on udev Control Socket.
[   12.073794] systemd[1]: Reached target User and Group Name Lookups.
[[0;32m  OK  [0m] Reached target User and Group Name Lookups.
[   12.084287] systemd[1]: Created slice system-serial\x2dgetty.slice.
[[0;32m  OK  [0m] Created slice system-serial\x2dgetty.slice.
[   12.133589] systemd[1]: Listening on Syslog Socket.
[[0;32m  OK  [0m] Listening on Syslog Socket.
[   12.297044] systemd[1]: Starting Journal Service...
         Starting Journal Service...
[   12.333578] systemd[1]: Reached target Encrypted Volumes.
[[0;32m  OK  [0m] Reached target Encrypted Volumes.
[   12.382563] systemd[1]: Mounted POSIX Message Queue File System.
[[0;32m  OK  [0m] Mounted POSIX Message Queue File System.
[   12.400946] systemd[1]: Mounted Debug File System.
[[0;32m  OK  [0m] Mounted Debug File System.
[   12.412881] systemd[1]: Mounted Huge Pages File System.
[[0;32m  OK  [0m] Mounted Huge Pages File System.
[   12.436835] systemd[1]: Started Journal Service.
[[0;32m  OK  [0m] Started Journal Service.
[[0;32m  OK  [0m] Started Set console keymap.
[[0;32m  OK  [0m] Started Create list of required sta...ce nodes for the current kernel.
[[0;32m  OK  [0m] Started Uncomplicated firewall.
[[0;32m  OK  [0m] Started Load Kernel Modules.
[[0;32m  OK  [0m] Started Remount Root and Kernel File Systems.
[[0;32m  OK  [0m] Started Nameserver information manager.
[[0;32m  OK  [0m] Started LVM2 metadata daemon.
         Starting Initial cloud-init job (pre-networking)...
         Starting udev Coldplug all Devices...
         Starting Load/Save Random Seed...
         Mounting FUSE Control File System...
         Starting Apply Kernel Variables...
         Starting Create Static Device Nodes in /dev...
         Starting Flush Journal to Persistent Storage...
[[0;32m  OK  [0m] Mounted FUSE Control File System.
[[0;32m  OK  [0m] Started Load/Save Random Seed.
[[0;32m  OK  [0m] Started Apply Kernel Variables.
[[0;32m  OK  [0m] Started Create Static Device Nodes in /dev.
[[0;32m  OK  [0m] Started udev Coldplug all Devices.
[[0;32m  OK  [0m] Started Monitoring of LVM2 mirrors,...ng dmeventd or progress polling.
[[0;32m  OK  [0m] Started Flush Journal to Persistent Storage.
         Starting udev Kernel Device Manager...
[[0;32m  OK  [0m] Started udev Kernel Device Manager.
[[0;32m  OK  [0m] Reached target Local File Systems (Pre).
[[0;32m  OK  [0m] Reached target Local File Systems.
         Starting Create Volatile Files and Directories...
         Starting Commit a transient machine-id on disk...
         Starting LSB: AppArmor initialization...
         Starting Set console font and keymap...
         Starting Tell Plymouth To Write Out Runtime Data...
[[0;32m  OK  [0m] Started Dispatch Password Requests to Console Directory Watch.
[[0;32m  OK  [0m] Started Create Volatile Files and Directories.
[[0;32m  OK  [0m] Started Commit a transient machine-id on disk.
[[0;32m  OK  [0m] Started Tell Plymouth To Write Out Runtime Data.
[[0;32m  OK  [0m] Found device /dev/ttyS0.
[[0;32m  OK  [0m] Listening on Load/Save RF Kill Switch Status /dev/rfkill Watch.
[[0;32m  OK  [0m] Reached target System Time Synchronized.
         Starting Update UTMP about System Boot/Shutdown...
[   13.069021] cloud-init[448]: Cloud-init v. 17.1 running 'init-local' at Mon, 20 Nov 2017 01:39:13 +0000. Up 12.69 seconds.
[[0;32m  OK  [0m] Started Update UTMP about System Boot/Shutdown.
[[0;32m  OK  [0m] Started LSB: AppArmor initialization.
[[0;32m  OK  [0m] Started Initial cloud-init job (pre-networking).
[[0;32m  OK  [0m] Reached target Network (Pre).
         Starting Raise network interfaces...
[[0;32m  OK  [0m] Started Set console font and keymap.
[[0;32m  OK  [0m] Created slice system-getty.slice.
[[0;32m  OK  [0m] Started Raise network interfaces.
         Starting Initial cloud-init job (metadata service crawler)...
[[0;32m  OK  [0m] Reached target Network.
[   16.803000] cloud-init[965]: Cloud-init v. 17.1 running 'init' at Mon, 20 Nov 2017 01:39:16 +0000. Up 16.06 seconds.
[[0;32m  OK  [0m] Started Initial cloud-init job (metadata service crawler).
[   16.924363] cloud-init[965]: ci-info: ++++++++++++++++++++++++++++++++++++++Net device info++++++++++++++++++++++++++++++++++++++
[   17.093308] cloud-init[965]: ci-info: +--------+-------+----------------------------+---------------+-------+-------------------+
[[0;32m  OK  [0m] Reached target System Initialization.
[   17.162140] cloud-init[965]: ci-info: | Device |   Up  |          Address           |      Mask     | Scope |     Hw-Address    |
[   17.228961] cloud-init[965]: ci-info: +--------+-------+----------------------------+---------------+-------+-------------------+
         Starting LXD - unix socket.
         Starting Socket activation for snappy daemon.
[   17.265819] cloud-init[965]: ci-info: | enp0s3 |  True |         10.0.2.15          | 255.255.255.0 |   .   | 02:1b:fc:5d:b5:ff |
[   17.347309] [[0;32m  OK  [0m] Started ACPI Events Check.
cloud-init[965]: ci-info: | enp0s3 |  True | fe80::1b:fcff:fe5d:b5ff/64 |       .       |  link | 02:1b:fc:5d:b5:ff |
[   17.374527] [[0;32m  OK  [0m] Reached target Paths.
[[0;32m  OK  [0m] Listening on UUID daemon activation socket.
[[0;32m  OK  [0m] Started Daily Cleanup of Temporary Directories.
[[0;32m  OK  [0m] Started Timer to automatically refresh installed snaps.
[[0;32m  OK  [0m] Listening on D-Bus System Message Bus Socket.
[[0;32m  OK  [0m] Listening on ACPID Listen Socket.
cloud-init[965]: ci-info: | enp0s8 | False |             .              |       .       |   .   | 08:00:27:23:1c:1f |
[   17.485186] [cloud-init[0;32m  OK  [0m[965]: ] ci-info: |   lo   |  True |         127.0.0.1          |   255.0.0.0   |   .   |         .         |Reached target Cloud-config availability.

[   17.486249] [cloud-init[0;32m  OK  [0m[965]: ] ci-info: |   lo   |  True |          ::1/128           |       .       |  host |         .         |Reached target Network is Online.

[[0;32m  OK  [0m] Started Daily apt download activities.
[[0;32m  OK  [0m] Started Daily apt upgrade and clean activities.
[   17.530338] cloud-init[965]: ci-info: +--------+-------+----------------------------+---------------+-------+-------------------+
[   17.606026] [cloud-init[0;32m  OK  [0m[965]: ] ci-info: +++++++++++++++++++++++++++Route IPv4 info++++++++++++++++++++++++++++Reached target Timers.

[   17.606790] cloud-init[965]: ci-info: +-------+-------------+----------+---------------+-----------+-------+
[   17.676940]          cloud-initStarting iSCSI initiator daemon (iscsid)...[965]: 
ci-info: | Route | Destination | Gateway  |    Genmask    | Interface | Flags |
[   17.784620] [cloud-init[0;32m  OK  [0m[965]: ] ci-info: +-------+-------------+----------+---------------+-----------+-------+Listening on LXD - unix socket.

[   17.785308] [cloud-init[0;32m  OK  [0m[965]: ] ci-info: |   0   |   0.0.0.0   | 10.0.2.2 |    0.0.0.0    |   enp0s3  |   UG  |Listening on Socket activation for snappy daemon.

[[0;32m  OK  [0m] Started iSCSI initiator daemon (iscsid).
[   17.910911] cloud-init[965]: ci-info: |   1   |   10.0.2.0  | 0.0.0.0  | 255.255.255.0 |   enp0s3  |   U   |
[   17.921122] cloud-init[965]: ci-info: +-------+-------------+----------+---------------+-----------+-------+
         Starting Login to default iSCSI targets...
[[0;32m  OK  [0m] Reached target Sockets.
[   17.930549] cloud-init[965]: Generating public/private rsa key pair.
[   17.999036] cloud-init[965]: Your identification has been saved in /etc/ssh/ssh_host_rsa_key.
[[0;32m  OK  [0m] Reached target Basic System.
[   18.091124] cloud-init[965]: Your public key has been saved in /etc/ssh/ssh_host_rsa_key.pub.
[   18.160629] cloud-init[965]:          The key fingerprint is:Starting /etc/rc.local Compatibility...

[   18.162336] cloud-init[965]: SHA256:DufcWzZRwewstEfDbg5qAg+/HWXR3+bE6juR/QtP3nk root@ubuntu-xenial
[   18.251024] cloud-init[965]: The key's randomart image is:
         Starting LXD - container startup/shutdown...
[   18.253363] cloud-init[965]: +---[RSA 2048]----+
[   18.281298] cloud-init[965]: |             =.  |
[   18.285395] cloud-init[965]: |            o B. |
[   18.304758]          cloud-initStarting LSB: MD monitoring daemon...[965]: 
|           . B.+.|
[   18.357956]          cloud-initStarting Apply the settings specified in cloud-config...[965]: 
|      o     *.* *|
[   18.368527] [cloud-init[0;32m  OK  [0m[965]: ] |      .=S  +.* B |Started Unattended Upgrades Shutdown.

[   18.369146] cloud-init[965]: |       *+.+  .= o|
[   18.404031] cloud-init[965]: |        +=..+o o.|
[   18.433042]          cloud-initStarting Pollinate to seed the pseudo random number generator...[965]: 
|        . .+ .B E|
[   18.438286] [cloud-init[0;32m  OK  [0m[965]: ] |          .   .B+|Started ACPI event daemon.

[   18.438801] cloud-init[965]: +----[SHA256]-----+
[   18.494111]          cloud-initStarting System Logging Service...[965]: 
Generating public/private dsa key pair.
[   18.542538] [[0;32m  OK  [0m] Started FUSE filesystem for LXC.
cloud-init[965]: Your identification has been saved in /etc/ssh/ssh_host_dsa_key.
[   18.580794]          cloud-initStarting Login Service...[965]: 
Your public key has been saved in /etc/ssh/ssh_host_dsa_key.pub.
[   18.648754] [cloud-init[0;32m  OK  [0m[965]: ] The key fingerprint is:Started Deferred execution scheduler.

[   18.649433] cloud-init[965]: SHA256:R0f19E4k0oiC/UmfdQavvahz/ZeJ47k/m/k2MWZ2h8E root@ubuntu-xenial
[   18.756369]          cloud-initStarting LSB: Record successful boot for GRUB...[965]: 
The key's randomart image is:
[   18.796737]          cloud-initStarting Snappy daemon...[965]: 
+---[DSA 1024]----+
[   18.835745] [[0;32m  OK  [0m] Started Regular background program processing daemon.
cloud-init[965]: |       o   .o++.o|
[   18.883291]          cloud-initStarting Accounts Service...[965]: 
|      . o o...o*+|
[   18.891440] cloud-init[965]: |         +.o.+ o=|
[   18.929839] [cloud-init[0;32m  OK  [0m[965]: ] |         .o.o E= |Started D-Bus System Message Bus.

[   18.930487] cloud-init[965]: |        S .   .oo|
[   19.004291] cloud-init[965]: |         .    o*+|
[   19.004422] cloud-init[965]: |             .*.B|
[   19.004587] cloud-init[965]: |           ..+.*=|
[   19.004649] cloud-init[965]: |           .+++*X|
[   19.004722] cloud-init[965]: +----[SHA256]-----+
[   19.004786] cloud-init[965]: Generating public/private ecdsa key pair.
[   19.004839] cloud-init[965]: Your identification has been saved in /etc/ssh/ssh_host_ecdsa_key.
[   19.004891] cloud-init[965]: Your public key has been saved in /etc/ssh/ssh_host_ecdsa_key.pub.
[   19.004944] cloud-init[965]: The key fingerprint is:
[   19.004993] cloud-init[965]: SHA256:BDRSWG3F4McwnbFKBHIpJZZVuFHhN0r3QFjWsD2ptBQ root@ubuntu-xenial
[   19.005040] cloud-init[965]: The key's randomart image is:
[   19.005087] cloud-init[965]: +---[ECDSA 256]---+
[   19.005138] cloud-init[965]: |    =O@BOOE=     |
[   19.005186] cloud-init[965]: |   .+=+*+*+=..   |
[   19.005253] cloud-init[965]: |     . +* % +    |
[   19.005320] cloud-init[965]: |      .+ O * .   |
[   19.005368] cloud-init[965]: |        S o .    |
[   19.005414] cloud-init[965]: |                 |
[   19.005461] cloud-init[965]: |                 |
[   19.005507] cloud-init[965]: |                 |
[   19.005551] cloud-init[965]: |                 |
[   19.005596] cloud-init[965]: +----[SHA256]-----+
[   19.005641] cloud-init[965]: Generating public/private ed25519 key pair.
[   19.005719] cloud-init[965]: Your identification has been saved in /etc/ssh/ssh_host_ed25519_key.
[   19.005776] cloud-init[965]: Your public key has been saved in /etc/ssh/ssh_host_ed25519_key.pub.
[   19.005827] cloud-init[965]: The key fingerprint is:
[   19.005874] cloud-init[965]: SHA256:FZ2Ov6jwxT7sFsCTaWcNVWQ42YUrafpgttz+baoP9ds root@ubuntu-xenial
[   19.005919] cloud-init[965]: The key's randomart image is:
[   19.005966] cloud-init[965]: +--[ED25519 256]--+
[   19.006012] cloud-init[965]: |          .o.B+o.|
[   19.006057] cloud-init[965]: |          ..*.o  |
[   19.006102] cloud-init[965]: |       . o.= o . |
[   19.006150] cloud-init[965]: |        B.+ * .  |
[   19.006195] cloud-init[965]: |       .S= + ..  |
[   19.006241] cloud-init[965]: |         .* .. . |
[   19.006287] cloud-init[965]: |      .  =oB..  .|
[   19.006332] cloud-init[965]: |       o oB +. .+|
[   19.006839] cloud-init[965]: |        o+ooo+++E|
[   19.006896] cloud-init[965]: +----[SHA256]-----+
[[0;32m  OK  [0m] Started System Logging Service.
[[0;32m  OK  [0m] Started Snappy daemon.
[[0;32m  OK  [0m] Started /etc/rc.local Compatibility.
[   19.010107] [cloud-init[0;32m  OK  [0m[1077]: ] Generating locales (this might take a while)...Started LXD - container startup/shutdown.

[[0;32m  OK  [0m] Started Pollinate to seed the pseudo random number generator.
[[0;32m  OK  [0m] Started Login to default iSCSI targets.
[[0;32m  OK  [0m] Started LSB: MD monitoring daemon.
[[0;32m  OK  [0m] Started LSB: Record successful boot for GRUB.
[[0;32m  OK  [0m] Started Login Service.
         Starting Authenticate and Authorize Users to Run Privileged Tasks...
[[0;32m  OK  [0m] Reached target Remote File Systems (Pre).
[[0;32m  OK  [0m] Reached target Remote File Systems.
         Starting LSB: Set the CPU Frequency Scaling governor to "ondemand"...
[   20.114920] cloud-init[1077]:   en_US.UTF-8... done
[   20.129226] cloud-init[1077]: Generation complete.
         Starting Permit User Sessions...
         Starting LSB: VirtualBox Linux Additions...
         Starting LSB: daemon to balance interrupts for SMP systems...
         Starting LSB: automatic crash report generation...
         Starting OpenBSD Secure Shell server...
[[0;32m  OK  [0m] Started OpenBSD Secure Shell server.
[[0;32m  OK  [0m] Started Permit User Sessions.
[[0;32m  OK  [0m] Started Authenticate and Authorize Users to Run Privileged Tasks.
[[0;32m  OK  [0m] Started Accounts Service.
[[0;32m  OK  [0m] Started LSB: Set the CPU Frequency Scaling governor to "ondemand".
         Stopping OpenBSD Secure Shell server...
         Starting Terminate Plymouth Boot Screen...
         Starting Hold until boot process finishes up...
[[0;32m  OK  [0m] Started LSB: VirtualBox Linux Additions.
[[0;32m  OK  [0m] Started LSB: daemon to balance interrupts for SMP systems.
[[0;32m  OK  [0m] Started LSB: automatic crash report generation.
[[0;32m  OK  [0m] Stopped OpenBSD Secure Shell server.
[[0;32m  OK  [0m] Started Terminate Plymouth Boot Screen.
[[0;32m  OK  [0m] Started Hold until boot process finishes up.
[[0;32m  OK  [0m] Started Serial Getty on ttyS0.
         Starting Set console scheme...
[[0;32m  OK  [0m] Started Getty on tty1.
[[0;32m  OK  [0m] Reached target Login Prompts.
         Starting OpenBSD Secure Shell server...
[[0;32m  OK  [0m] Started OpenBSD Secure Shell server.
[[0;32m  OK  [0m] Started Set console scheme.
[[0;32m  OK  [0m] Reached target Multi-User System.
[[0;32m  OK  [0m] Reached target Graphical Interface.
         Starting Update UTMP about System Runlevel Changes...
[[0;32m  OK  [0m] Started Update UTMP about System Runlevel Changes.
[   21.131582] cloud-init[1077]: Cloud-init v. 17.1 running 'modules:config' at Mon, 20 Nov 2017 01:39:19 +0000. Up 18.68 seconds.
[[0;32m  OK  [0m] Started Apply the settings specified in cloud-config.
         Starting Execute cloud user/final scripts...
ci-info: no authorized ssh keys fingerprints found for user ubuntu.
<14>Nov 20 01:39:22 ec2: 
<14>Nov 20 01:39:22 ec2: #############################################################
<14>Nov 20 01:39:22 ec2: -----BEGIN SSH HOST KEY FINGERPRINTS-----
<14>Nov 20 01:39:22 ec2: 1024 SHA256:R0f19E4k0oiC/UmfdQavvahz/ZeJ47k/m/k2MWZ2h8E root@ubuntu-xenial (DSA)
<14>Nov 20 01:39:22 ec2: 256 SHA256:BDRSWG3F4McwnbFKBHIpJZZVuFHhN0r3QFjWsD2ptBQ root@ubuntu-xenial (ECDSA)
<14>Nov 20 01:39:22 ec2: 256 SHA256:FZ2Ov6jwxT7sFsCTaWcNVWQ42YUrafpgttz+baoP9ds root@ubuntu-xenial (ED25519)
<14>Nov 20 01:39:22 ec2: 2048 SHA256:DufcWzZRwewstEfDbg5qAg+/HWXR3+bE6juR/QtP3nk root@ubuntu-xenial (RSA)
<14>Nov 20 01:39:22 ec2: -----END SSH HOST KEY FINGERPRINTS-----
<14>Nov 20 01:39:22 ec2: #############################################################
-----BEGIN SSH HOST KEY KEYS-----
ecdsa-sha2-nistp256 AAAAE2VjZHNhLXNoYTItbmlzdHAyNTYAAAAIbmlzdHAyNTYAAABBBOGxfkI7XNSueZa6Lcq20AnHCCWiM2fTJKTTjnLSDvtsv4Kh7bd94zD2qxzZSbh+hbL52HFSWYZ6yw4FU6Be3bQ= root@ubuntu-xenial
ssh-ed25519 AAAAC3NzaC1lZDI1NTE5AAAAIIzIBOS8zOD7dCTsgvb0ehyK87GnGLNzWGyh5aHZjLeb root@ubuntu-xenial
ssh-rsa AAAAB3NzaC1yc2EAAAADAQABAAABAQCxTpoxC76JTuQurHB8FJHPn6eD/6uir3yxW7E6gSe5j4cEqwAk6FTU2KfdP/sk2NCUwj4tdBkaLWQJWAhj9LfFGimKqCdG20Efy29ouBe+kHmW7x83R4DVezxCmBjlICAW/bb2+3WTHY9q8iAEVT/ATbIPnUAN/2QwtxRIJmlC1IuYiNS3zUVd7pC7TebQ9derzoGjpiJe47dtpu82hJS+hG17mif+imbdmIjCIoWvLiDE5wA82izVOArQxhevmISY0ykLqca5ZIDlOUTWAgpOGWK6+6QPXlWtOuHZUZIMqmzjLkI/1QtvcsHUoCrtYQEfX/GYIE21lmMqAbvPJLHx root@ubuntu-xenial
-----END SSH HOST KEY KEYS-----
[   21.799584] cloud-init[1324]: Cloud-init v. 17.1 running 'modules:final' at Mon, 20 Nov 2017 01:39:22 +0000. Up 21.48 seconds.
[   21.830151] cloud-init[1324]: ci-info: no authorized ssh keys fingerprints found for user ubuntu.
[   21.848342] cloud-init[1324]: Cloud-init v. 17.1 finished at Mon, 20 Nov 2017 01:39:22 +0000. Datasource DataSourceNoCloud [seed=/dev/sdb][dsmode=net].  Up 21.79 seconds
[[0;32m  OK  [0m] Started Execute cloud user/final scripts.
[[0;32m  OK  [0m] Reached target Cloud-init target.

Ubuntu 16.04.3 LTS ubuntu-xenial ttyS0

ubuntu-xenial login: 